Flow report for Lab6ShairUmama
Wed Apr  5 16:17:22 2023
Quartus Prime Version 22.1std.0 Build 915 10/25/2022 SC Lite Edition


---------------------
; Table of Contents ;
---------------------
  1. Legal Notice
  2. Flow Summary
  3. Flow Settings
  4. Flow Non-Default Global Settings
  5. Flow Elapsed Time
  6. Flow OS Summary
  7. Flow Log
  8. Flow Messages
  9. Flow Suppressed Messages



----------------
; Legal Notice ;
----------------
Copyright (C) 2022  Intel Corporation. All rights reserved.
Your use of Intel Corporation's design tools, logic functions 
and other software and tools, and any partner logic 
functions, and any output files from any of the foregoing 
(including device programming or simulation files), and any 
associated documentation or information are expressly subject 
to the terms and conditions of the Intel Program License 
Subscription Agreement, the Intel Quartus Prime License Agreement,
the Intel FPGA IP License Agreement, or other applicable license
agreement, including, without limitation, that your use is for
the sole purpose of programming logic devices manufactured by
Intel and sold by Intel or its authorized distributors.  Please
refer to the applicable agreement for further details, at
https://fpgasoftware.intel.com/eula.



+----------------------------------------------------------------------------------+
; Flow Summary                                                                     ;
+---------------------------------+------------------------------------------------+
; Flow Status                     ; Successful - Wed Apr  5 16:17:22 2023          ;
; Quartus Prime Version           ; 22.1std.0 Build 915 10/25/2022 SC Lite Edition ;
; Revision Name                   ; Lab6ShairUmama                                 ;
; Top-level Entity Name           ; digital_clock                                  ;
; Family                          ; Cyclone V                                      ;
; Device                          ; 5CSEMA5F31C6                                   ;
; Timing Models                   ; Final                                          ;
; Logic utilization (in ALMs)     ; 193 / 32,070 ( < 1 % )                         ;
; Total registers                 ; 122                                            ;
; Total pins                      ; 55 / 457 ( 12 % )                              ;
; Total virtual pins              ; 0                                              ;
; Total block memory bits         ; 0 / 4,065,280 ( 0 % )                          ;
; Total DSP Blocks                ; 0 / 87 ( 0 % )                                 ;
; Total HSSI RX PCSs              ; 0                                              ;
; Total HSSI PMA RX Deserializers ; 0                                              ;
; Total HSSI TX PCSs              ; 0                                              ;
; Total HSSI PMA TX Serializers   ; 0                                              ;
; Total PLLs                      ; 0 / 6 ( 0 % )                                  ;
; Total DLLs                      ; 0 / 4 ( 0 % )                                  ;
+---------------------------------+------------------------------------------------+


+-----------------------------------------+
; Flow Settings                           ;
+-------------------+---------------------+
; Option            ; Setting             ;
+-------------------+---------------------+
; Start date & time ; 04/05/2023 16:15:48 ;
; Main task         ; Compilation         ;
; Revision Name     ; Lab6ShairUmama      ;
+-------------------+---------------------+


+----------------------------------------------------------------------------------------------------------------------------------------------------+
; Flow Non-Default Global Settings                                                                                                                   ;
+--------------------------------------+----------------------------------------+----------------+---------------+-----------------------------------+
; Assignment Name                      ; Value                                  ; Default Value  ; Entity Name   ; Section Id                        ;
+--------------------------------------+----------------------------------------+----------------+---------------+-----------------------------------+
; COMPILER_SIGNATURE_ID                ; 1095329199795.168072034813136          ; --             ; --            ; --                                ;
; EDA_GENERATE_FUNCTIONAL_NETLIST      ; Off                                    ; --             ; --            ; eda_board_design_timing           ;
; EDA_GENERATE_FUNCTIONAL_NETLIST      ; Off                                    ; --             ; --            ; eda_board_design_boundary_scan    ;
; EDA_GENERATE_FUNCTIONAL_NETLIST      ; Off                                    ; --             ; --            ; eda_board_design_signal_integrity ;
; EDA_GENERATE_FUNCTIONAL_NETLIST      ; Off                                    ; --             ; --            ; eda_board_design_symbol           ;
; EDA_NATIVELINK_SIMULATION_TEST_BENCH ; tb_counter26                           ; --             ; --            ; eda_simulation                    ;
; EDA_OUTPUT_DATA_FORMAT               ; Vhdl                                   ; --             ; --            ; eda_simulation                    ;
; EDA_SIMULATION_TOOL                  ; QuestaSim (VHDL)                       ; <None>         ; --            ; --                                ;
; EDA_TEST_BENCH_ENABLE_STATUS         ; NOT_USED                               ; --             ; --            ; eda_simulation                    ;
; EDA_TIME_SCALE                       ; 1 ps                                   ; --             ; --            ; eda_simulation                    ;
; MAX_CORE_JUNCTION_TEMP               ; 85                                     ; --             ; --            ; --                                ;
; MIN_CORE_JUNCTION_TEMP               ; 0                                      ; --             ; --            ; --                                ;
; PARTITION_COLOR                      ; -- (Not supported for targeted family) ; --             ; digital_clock ; Top                               ;
; PARTITION_FITTER_PRESERVATION_LEVEL  ; -- (Not supported for targeted family) ; --             ; digital_clock ; Top                               ;
; PARTITION_NETLIST_TYPE               ; -- (Not supported for targeted family) ; --             ; digital_clock ; Top                               ;
; POWER_BOARD_THERMAL_MODEL            ; None (CONSERVATIVE)                    ; --             ; --            ; --                                ;
; POWER_PRESET_COOLING_SOLUTION        ; 23 MM HEAT SINK WITH 200 LFPM AIRFLOW  ; --             ; --            ; --                                ;
; PROJECT_OUTPUT_DIRECTORY             ; output_files                           ; --             ; --            ; --                                ;
; TOP_LEVEL_ENTITY                     ; digital_clock                          ; Lab6ShairUmama ; --            ; --                                ;
+--------------------------------------+----------------------------------------+----------------+---------------+-----------------------------------+


+--------------------------------------------------------------------------------------------------------------------------+
; Flow Elapsed Time                                                                                                        ;
+----------------------+--------------+-------------------------+---------------------+------------------------------------+
; Module Name          ; Elapsed Time ; Average Processors Used ; Peak Virtual Memory ; Total CPU Time (on all processors) ;
+----------------------+--------------+-------------------------+---------------------+------------------------------------+
; Analysis & Synthesis ; 00:00:14     ; 1.0                     ; 4870 MB             ; 00:00:32                           ;
; Fitter               ; 00:00:57     ; 1.0                     ; 6544 MB             ; 00:01:32                           ;
; Assembler            ; 00:00:08     ; 1.0                     ; 4871 MB             ; 00:00:07                           ;
; Timing Analyzer      ; 00:00:09     ; 1.2                     ; 5167 MB             ; 00:00:09                           ;
; EDA Netlist Writer   ; 00:00:02     ; 1.0                     ; 4728 MB             ; 00:00:02                           ;
; Total                ; 00:01:30     ; --                      ; --                  ; 00:02:22                           ;
+----------------------+--------------+-------------------------+---------------------+------------------------------------+


+------------------------------------------------------------------------------------+
; Flow OS Summary                                                                    ;
+----------------------+------------------+------------+------------+----------------+
; Module Name          ; Machine Hostname ; OS Name    ; OS Version ; Processor type ;
+----------------------+------------------+------------+------------+----------------+
; Analysis & Synthesis ; LAPTOP-F1LQ39UM  ; Windows 10 ; 10.0       ; x86_64         ;
; Fitter               ; LAPTOP-F1LQ39UM  ; Windows 10 ; 10.0       ; x86_64         ;
; Assembler            ; LAPTOP-F1LQ39UM  ; Windows 10 ; 10.0       ; x86_64         ;
; Timing Analyzer      ; LAPTOP-F1LQ39UM  ; Windows 10 ; 10.0       ; x86_64         ;
; EDA Netlist Writer   ; LAPTOP-F1LQ39UM  ; Windows 10 ; 10.0       ; x86_64         ;
+----------------------+------------------+------------+------------+----------------+


------------
; Flow Log ;
------------
quartus_map --read_settings_files=on --write_settings_files=off Lab6ShairUmama -c Lab6ShairUmama
quartus_fit --read_settings_files=off --write_settings_files=off Lab6ShairUmama -c Lab6ShairUmama
quartus_asm --read_settings_files=off --write_settings_files=off Lab6ShairUmama -c Lab6ShairUmama
quartus_sta Lab6ShairUmama -c Lab6ShairUmama
quartus_eda --read_settings_files=off --write_settings_files=off Lab6ShairUmama -c Lab6ShairUmama



